Using pre-set license
Built from '2020.3/staging' branch; Version is '2020.3.37f1 (8c66806a0c04) revision 9201280'; Using compiler version '192528614'; Build Type 'Release'
OS: 'Windows 10  (10.0.19043) 64bit Core' Language: 'ko' Physical Memory: 16122 MB
BatchMode: 1, IsHumanControllingUs: 0, StartBugReporterOnCrash: 0, Is64bit: 1, IsPro: 0

COMMAND LINE ARGUMENTS:
C:\Program Files\Unity\Hub\Editor\2020.3.37f1\Editor\Unity.exe
-adb2
-batchMode
-noUpm
-name
AssetImportWorker0
-projectPath
C:/Users/ljch/Desktop/vrTest/VR
-logFile
Logs/AssetImportWorker0.log
-srvPort
57656
Successfully changed project path to: C:/Users/ljch/Desktop/vrTest/VR
C:/Users/ljch/Desktop/vrTest/VR
Using Asset Import Pipeline V2.
Refreshing native plugins compatible for Editor in 83.82 ms, found 9 plugins.
Preloading 2 native plugins for Editor in 1.68 ms.
Initialize engine version: 2020.3.37f1 (8c66806a0c04)
[Subsystems] Discovering subsystems at path C:/Program Files/Unity/Hub/Editor/2020.3.37f1/Editor/Data/Resources/UnitySubsystems
[Subsystems] Discovering subsystems at path C:/Users/ljch/Desktop/vrTest/VR/Assets
GfxDevice: creating device client; threaded=0
Direct3D:
    Version:  Direct3D 11.0 [level 11.1]
    Renderer: NVIDIA GeForce RTX 3060 Laptop GPU (ID=0x2520)
    Vendor:   
    VRAM:     6023 MB
    Driver:   30.0.15.1278
Initialize mono
Mono path[0] = 'C:/Program Files/Unity/Hub/Editor/2020.3.37f1/Editor/Data/Managed'
Mono path[1] = 'C:/Program Files/Unity/Hub/Editor/2020.3.37f1/Editor/Data/MonoBleedingEdge/lib/mono/unityjit'
Mono config path = 'C:/Program Files/Unity/Hub/Editor/2020.3.37f1/Editor/Data/MonoBleedingEdge/etc'
Using monoOptions --debugger-agent=transport=dt_socket,embedding=1,server=y,suspend=n,address=127.0.0.1:56996
Begin MonoManager ReloadAssembly
Registering precompiled unity dll's ...
Register platform support module: C:/Program Files/Unity/Hub/Editor/2020.3.37f1/Editor/Data/PlaybackEngines/WindowsStandaloneSupport/UnityEditor.WindowsStandalone.Extensions.dll
Registered in 0.001375 seconds.
Native extension for WindowsStandalone target not found
Refreshing native plugins compatible for Editor in 55.11 ms, found 9 plugins.
Preloading 2 native plugins for Editor in 0.11 ms.
Mono: successfully reloaded assembly
- Completed reload, in  0.440 seconds
Domain Reload Profiling:
	ReloadAssembly (440ms)
		BeginReloadAssembly (46ms)
			ExecutionOrderSort (0ms)
			DisableScriptedObjects (0ms)
			BackupInstance (0ms)
			ReleaseScriptingObjects (0ms)
			CreateAndSetChildDomain (1ms)
		EndReloadAssembly (342ms)
			LoadAssemblies (44ms)
			RebuildTransferFunctionScriptingTraits (0ms)
			SetupTypeCache (103ms)
			ReleaseScriptCaches (0ms)
			RebuildScriptCaches (22ms)
			SetupLoadedEditorAssemblies (142ms)
				LogAssemblyErrors (0ms)
				InitializePlatformSupportModulesInManaged (4ms)
				SetLoadedEditorAssemblies (0ms)
				RefreshPlugins (55ms)
				BeforeProcessingInitializeOnLoad (9ms)
				ProcessInitializeOnLoadAttributes (56ms)
				ProcessInitializeOnLoadMethodAttributes (18ms)
				AfterProcessingInitializeOnLoad (0ms)
				EditorAssembliesLoaded (0ms)
			ExecutionOrderSort2 (0ms)
			AwakeInstancesAfterBackupRestoration (0ms)
Platform modules already initialized, skipping
Registering precompiled user dll's ...
Registered in 0.004804 seconds.
Begin MonoManager ReloadAssembly
Native extension for WindowsStandalone target not found
Refreshing native plugins compatible for Editor in 131.76 ms, found 9 plugins.
Preloading 2 native plugins for Editor in 0.19 ms.
[XR] OculusXRPlugin: registering subsystems
[XR] Unable to register display lifecyle provider: [1]
[XR] Oculus Input lifecycle provider registered.
[XR] Unable to register input lifecyle provider: [1]
System.Reflection.TargetInvocationException: Exception has been thrown by the target of an invocation. ---> System.NullReferenceException: Object reference not set to an instance of an object
  at Unity.XR.Oculus.OculusLoader.AssetPathToAbsolutePath (System.String assetPath) [0x00048] in C:\Users\ljch\Desktop\vrTest\VR\Library\PackageCache\com.unity.xr.oculus@1.12.1\Runtime\OculusLoader.cs:265 
  at Unity.XR.Oculus.OculusLoader.EditorLoadOVRPlugin () [0x0007b] in C:\Users\ljch\Desktop\vrTest\VR\Library\PackageCache\com.unity.xr.oculus@1.12.1\Runtime\OculusLoader.cs:250 
  at (wrapper managed-to-native) System.Reflection.MonoMethod.InternalInvoke(System.Reflection.MonoMethod,object,object[],System.Exception&)
  at System.Reflection.MonoMethod.Invoke (System.Object obj, System.Reflection.BindingFlags invokeAttr, System.Reflection.Binder binder, System.Object[] parameters, System.Globalization.CultureInfo culture) [0x00032] in <695d1cc93cca45069c528c15c9fdd749>:0 
   --- End of inner exception stack trace ---
  at System.Reflection.MonoMethod.Invoke (System.Object obj, System.Reflection.BindingFlags invokeAttr, System.Reflection.Binder binder, System.Object[] parameters, System.Globalization.CultureInfo culture) [0x00048] in <695d1cc93cca45069c528c15c9fdd749>:0 
  at System.Reflection.MethodBase.Invoke (System.Object obj, System.Object[] parameters) [0x00000] in <695d1cc93cca45069c528c15c9fdd749>:0 
  at UnityEditor.EditorAssemblies.ProcessInitializeOnLoadMethodAttributes () [0x00047] in <c961074fa4b84075ac22bbec328bf218>:0 
UnityEngine.StackTraceUtility:ExtractStackTrace ()
UnityEngine.DebugLogHandler:LogFormat (UnityEngine.LogType,UnityEngine.Object,string,object[])
UnityEngine.Logger:Log (UnityEngine.LogType,object)
UnityEngine.Debug:LogError (object)
UnityEditor.EditorAssemblies:ProcessInitializeOnLoadMethodAttributes ()

Mono: successfully reloaded assembly
- Completed reload, in  1.353 seconds
Domain Reload Profiling:
	ReloadAssembly (1354ms)
		BeginReloadAssembly (148ms)
			ExecutionOrderSort (0ms)
			DisableScriptedObjects (3ms)
			BackupInstance (0ms)
			ReleaseScriptingObjects (0ms)
			CreateAndSetChildDomain (22ms)
		EndReloadAssembly (1140ms)
			LoadAssemblies (112ms)
			RebuildTransferFunctionScriptingTraits (0ms)
			SetupTypeCache (310ms)
			ReleaseScriptCaches (3ms)
			RebuildScriptCaches (68ms)
			SetupLoadedEditorAssemblies (482ms)
				LogAssemblyErrors (0ms)
				InitializePlatformSupportModulesInManaged (8ms)
				SetLoadedEditorAssemblies (0ms)
				RefreshPlugins (132ms)
				BeforeProcessingInitializeOnLoad (158ms)
				ProcessInitializeOnLoadAttributes (142ms)
				ProcessInitializeOnLoadMethodAttributes (33ms)
				AfterProcessingInitializeOnLoad (9ms)
				EditorAssembliesLoaded (0ms)
			ExecutionOrderSort2 (0ms)
			AwakeInstancesAfterBackupRestoration (2ms)
Platform modules already initialized, skipping
========================================================================
Worker process is ready to serve import requests
Launched and connected shader compiler UnityShaderCompiler.exe after 0.05 seconds
Refreshing native plugins compatible for Editor in 1.62 ms, found 9 plugins.
Preloading 2 native plugins for Editor in 0.19 ms.
Unloading 3213 Unused Serialized files (Serialized files now loaded: 0)
System memory in use before: 147.6 MB.
System memory in use after: 147.8 MB.

Unloading 47 unused Assets to reduce memory usage. Loaded Objects now: 3639.
Total: 4.662900 ms (FindLiveObjects: 0.557100 ms CreateObjectMapping: 0.268900 ms MarkObjects: 3.712100 ms  DeleteObjects: 0.123500 ms)

AssetImportParameters requested are different than current active one (requested -> active):
  custom:framework-win-MediaFoundation: 216162199b28c13a410421893ffa2e32 -> 
  custom:video-decoder-ogg-theora: a1e56fd34408186e4bbccfd4996cb3dc -> 
  custom:container-muxer-webm: aa71ff27fc2769a1b78a27578f13a17b -> 
  custom:container-demuxer-webm: 4f35f7cbe854078d1ac9338744f61a02 -> 
  custom:container-demuxer-ogg: 62fdf1f143b41e24485cea50d1cbac27 -> 
  custom:video-encoder-webm-vp8: eb34c28f22e8b96e1ab97ce403110664 -> 
  custom:video-decoder-webm-vp8: 9c59270c3fd7afecdb556c50c9e8de78 -> 
  custom:audio-decoder-ogg-vorbis: bf7c407c2cedff20999df2af8eb42d56 -> 
  custom:audio-encoder-webm-vorbis: bf7c407c2cedff20999df2af8eb42d56 -> 
========================================================================
Received Import Request.
  path: Assets/InputSystem.inputsettings.asset
  artifactKey: Guid(c73b900e4bace6d4db2eee9dbcce6484) Importer(815301076,1909f56bfc062723c751e8b465ee728b)
Start importing Assets/InputSystem.inputsettings.asset using Guid(c73b900e4bace6d4db2eee9dbcce6484) Importer(815301076,1909f56bfc062723c751e8b465ee728b)  -> (artifact id: '729ae61bc52a95b98335504ba3917c2e') in 0.029352 seconds 
========================================================================
Received Import Request.
  Time since last request: 0.000152 seconds.
  path: Assets/XR_UniversalRenderPipelineAsset_Renderer.asset
  artifactKey: Guid(73784d4e7f2839a46b7d48dd835aeafd) Importer(815301076,1909f56bfc062723c751e8b465ee728b)
Start importing Assets/XR_UniversalRenderPipelineAsset_Renderer.asset using Guid(73784d4e7f2839a46b7d48dd835aeafd) Importer(815301076,1909f56bfc062723c751e8b465ee728b)  -> (artifact id: 'f9e963b9b12aa8830642b9b4cf56c753') in 0.006273 seconds 
========================================================================
Received Import Request.
  Time since last request: 0.000351 seconds.
  path: Assets/Readme.asset
  artifactKey: Guid(83c2ed844a8c74b779a4c823d16594b1) Importer(815301076,1909f56bfc062723c751e8b465ee728b)
Start importing Assets/Readme.asset using Guid(83c2ed844a8c74b779a4c823d16594b1) Importer(815301076,1909f56bfc062723c751e8b465ee728b)  -> (artifact id: 'bf28d7cb4b4f59aeb9362d94975ff131') in 0.006711 seconds 
========================================================================
Received Import Request.
  Time since last request: 0.000166 seconds.
  path: Assets/XR_UniversalRenderPipelineAsset.asset
  artifactKey: Guid(1e7d5d04ae750c7448e387f3e1aa2342) Importer(815301076,1909f56bfc062723c751e8b465ee728b)
Start importing Assets/XR_UniversalRenderPipelineAsset.asset using Guid(1e7d5d04ae750c7448e387f3e1aa2342) Importer(815301076,1909f56bfc062723c751e8b465ee728b)  -> (artifact id: '161b40651cc3f726e7cdee1b8bce91ba') in 0.007051 seconds 
========================================================================
Received Import Request.
  Time since last request: 33.820429 seconds.
  path: Assets/Settings/ForwardRenderer.asset
  artifactKey: Guid(4a8e21d5c33334b11b34a596161b9360) Importer(815301076,1909f56bfc062723c751e8b465ee728b)
Start importing Assets/Settings/ForwardRenderer.asset using Guid(4a8e21d5c33334b11b34a596161b9360) Importer(815301076,1909f56bfc062723c751e8b465ee728b)  -> (artifact id: 'f363cf25fefb778783e0c5f49f7ad155') in 0.005529 seconds 
========================================================================
Received Import Request.
  Time since last request: 0.000134 seconds.
  path: Assets/Settings/SampleSceneProfile.asset
  artifactKey: Guid(10fc4df2da32a41aaa32d77bc913491c) Importer(815301076,1909f56bfc062723c751e8b465ee728b)
Start importing Assets/Settings/SampleSceneProfile.asset using Guid(10fc4df2da32a41aaa32d77bc913491c) Importer(815301076,1909f56bfc062723c751e8b465ee728b)  -> (artifact id: '72abc347cb2c2a060133599123602f5e') in 0.013231 seconds 
========================================================================
Received Import Request.
  Time since last request: 0.000140 seconds.
  path: Assets/Settings/UniversalRP-LowQuality.asset
  artifactKey: Guid(a31e9f9f9c9d4b9429ed0d1234e22103) Importer(815301076,1909f56bfc062723c751e8b465ee728b)
Start importing Assets/Settings/UniversalRP-LowQuality.asset using Guid(a31e9f9f9c9d4b9429ed0d1234e22103) Importer(815301076,1909f56bfc062723c751e8b465ee728b)  -> (artifact id: 'c86db4122a41ea0a49d5cccb7bc825fa') in 0.006091 seconds 
========================================================================
Received Import Request.
  Time since last request: 0.000161 seconds.
  path: Assets/Settings/UniversalRP-MediumQuality.asset
  artifactKey: Guid(d847b876476d3d6468f5dfcd34266f96) Importer(815301076,1909f56bfc062723c751e8b465ee728b)
Start importing Assets/Settings/UniversalRP-MediumQuality.asset using Guid(d847b876476d3d6468f5dfcd34266f96) Importer(815301076,1909f56bfc062723c751e8b465ee728b)  -> (artifact id: 'a668de841754f4973996b1014876a129') in 0.008102 seconds 
========================================================================
Received Import Request.
  Time since last request: 0.000148 seconds.
  path: Assets/Settings/UniversalRP-HighQuality.asset
  artifactKey: Guid(19ba41d7c0026c3459d37c2fe90c55a0) Importer(815301076,1909f56bfc062723c751e8b465ee728b)
Start importing Assets/Settings/UniversalRP-HighQuality.asset using Guid(19ba41d7c0026c3459d37c2fe90c55a0) Importer(815301076,1909f56bfc062723c751e8b465ee728b)  -> (artifact id: 'b551e29173dbe866af4aeed7ef025976') in 0.007844 seconds 
========================================================================
Received Import Request.
  Time since last request: 2.624322 seconds.
  path: Assets/Samples/XR Interaction Toolkit
  artifactKey: Guid(4417189db74bdcf4db6a62e779f7c90e) Importer(815301076,1909f56bfc062723c751e8b465ee728b)
Start importing Assets/Samples/XR Interaction Toolkit using Guid(4417189db74bdcf4db6a62e779f7c90e) Importer(815301076,1909f56bfc062723c751e8b465ee728b)  -> (artifact id: '21909ff8cd95014418351adb86076449') in 0.005827 seconds 
========================================================================
Received Import Request.
  Time since last request: 0.736621 seconds.
  path: Assets/Samples/XR Interaction Toolkit/2.0.2
  artifactKey: Guid(e15c388e60782304aa4ede062e5d109a) Importer(815301076,1909f56bfc062723c751e8b465ee728b)
Start importing Assets/Samples/XR Interaction Toolkit/2.0.2 using Guid(e15c388e60782304aa4ede062e5d109a) Importer(815301076,1909f56bfc062723c751e8b465ee728b)  -> (artifact id: 'e65e0a64d4867c90bc9ae7f4c777ba24') in 0.005594 seconds 
========================================================================
Received Import Request.
  Time since last request: 1.002661 seconds.
  path: Assets/Samples/XR Interaction Toolkit/2.0.2/Starter Assets
  artifactKey: Guid(03dbcac34e9a4f44a883cd0d6c5a11f3) Importer(815301076,1909f56bfc062723c751e8b465ee728b)
Start importing Assets/Samples/XR Interaction Toolkit/2.0.2/Starter Assets using Guid(03dbcac34e9a4f44a883cd0d6c5a11f3) Importer(815301076,1909f56bfc062723c751e8b465ee728b)  -> (artifact id: '38812e350d45659028f2c745cee593fa') in 0.005088 seconds 
========================================================================
Received Import Request.
  Time since last request: 0.091053 seconds.
  path: Assets/Samples/XR Interaction Toolkit/2.0.2/Starter Assets/XRI Default Continuous Move.preset
  artifactKey: Guid(91f9da00cfdac5d49955df2d2d820b9c) Importer(815301076,1909f56bfc062723c751e8b465ee728b)
Start importing Assets/Samples/XR Interaction Toolkit/2.0.2/Starter Assets/XRI Default Continuous Move.preset using Guid(91f9da00cfdac5d49955df2d2d820b9c) Importer(815301076,1909f56bfc062723c751e8b465ee728b)  -> (artifact id: '7ad8b4455b2b35fc5988def85ac3650d') in 0.011954 seconds 
========================================================================
Received Import Request.
  Time since last request: 0.000109 seconds.
  path: Assets/Samples/XR Interaction Toolkit/2.0.2/Starter Assets/XRI Default Left Controller.preset
  artifactKey: Guid(ffd8268f7307a0c48a067dad4a8fe060) Importer(815301076,1909f56bfc062723c751e8b465ee728b)
Start importing Assets/Samples/XR Interaction Toolkit/2.0.2/Starter Assets/XRI Default Left Controller.preset using Guid(ffd8268f7307a0c48a067dad4a8fe060) Importer(815301076,1909f56bfc062723c751e8b465ee728b)  -> (artifact id: '168acd857fa4beec63b4744399af1d0a') in 0.015887 seconds 
========================================================================
Received Import Request.
  Time since last request: 0.000148 seconds.
  path: Assets/Samples/XR Interaction Toolkit/2.0.2/Starter Assets/XRI Default Snap Turn.preset
  artifactKey: Guid(18697d253d848974aa7052cba872c9f0) Importer(815301076,1909f56bfc062723c751e8b465ee728b)
Start importing Assets/Samples/XR Interaction Toolkit/2.0.2/Starter Assets/XRI Default Snap Turn.preset using Guid(18697d253d848974aa7052cba872c9f0) Importer(815301076,1909f56bfc062723c751e8b465ee728b)  -> (artifact id: 'b5fd55472aec6225cbc6cb0f31451dee') in 0.007985 seconds 
========================================================================
Received Import Request.
  Time since last request: 0.000140 seconds.
  path: Assets/Samples/XR Interaction Toolkit/2.0.2/Starter Assets/XRI Default Input Actions.inputactions
  artifactKey: Guid(c348712bda248c246b8c49b3db54643f) Importer(815301076,1909f56bfc062723c751e8b465ee728b)
Start importing Assets/Samples/XR Interaction Toolkit/2.0.2/Starter Assets/XRI Default Input Actions.inputactions using Guid(c348712bda248c246b8c49b3db54643f) Importer(815301076,1909f56bfc062723c751e8b465ee728b)  -> (artifact id: '52ca20675c2172bba58331dbd8a13107') in 0.012421 seconds 
========================================================================
Received Import Request.
  Time since last request: 0.000152 seconds.
  path: Assets/Samples/XR Interaction Toolkit/2.0.2/Starter Assets/XRI Default Continuous Turn.preset
  artifactKey: Guid(0caad3af14f9a414dbdf25ed41e5aa47) Importer(815301076,1909f56bfc062723c751e8b465ee728b)
Start importing Assets/Samples/XR Interaction Toolkit/2.0.2/Starter Assets/XRI Default Continuous Turn.preset using Guid(0caad3af14f9a414dbdf25ed41e5aa47) Importer(815301076,1909f56bfc062723c751e8b465ee728b)  -> (artifact id: 'b45c117770873f84210a0202363c92ee') in 0.008006 seconds 
========================================================================
Received Import Request.
  Time since last request: 0.000261 seconds.
  path: Assets/Samples/XR Interaction Toolkit/2.0.2/Starter Assets/XRI Default Right Controller.preset
  artifactKey: Guid(1421ad86ff3787b4dae70fe9e699a25f) Importer(815301076,1909f56bfc062723c751e8b465ee728b)
Start importing Assets/Samples/XR Interaction Toolkit/2.0.2/Starter Assets/XRI Default Right Controller.preset using Guid(1421ad86ff3787b4dae70fe9e699a25f) Importer(815301076,1909f56bfc062723c751e8b465ee728b)  -> (artifact id: 'abc494645363257e6b6ef93e412b1700') in 0.008112 seconds 
========================================================================
Received Import Request.
  Time since last request: 183.123215 seconds.
  path: Assets/prefabs/Anchor.prefab
  artifactKey: Guid(596de90f3b56c1d4b822ecd5cd042af5) Importer(815301076,1909f56bfc062723c751e8b465ee728b)
Start importing Assets/prefabs/Anchor.prefab using Guid(596de90f3b56c1d4b822ecd5cd042af5) Importer(815301076,1909f56bfc062723c751e8b465ee728b)  -> (artifact id: 'e1ce395d719997b66c5985025e753afc') in 0.148445 seconds 
========================================================================
Received Import Request.
  Time since last request: 0.000181 seconds.
  path: Assets/prefabs/TeleportArea.prefab
  artifactKey: Guid(3cc52c00d082b0b4a91897cd5bdf0c85) Importer(815301076,1909f56bfc062723c751e8b465ee728b)
Start importing Assets/prefabs/TeleportArea.prefab using Guid(3cc52c00d082b0b4a91897cd5bdf0c85) Importer(815301076,1909f56bfc062723c751e8b465ee728b)  -> (artifact id: '4c96cd1b23797fc6e3110035074a4312') in 0.043267 seconds 
========================================================================
Received Import Request.
  Time since last request: 0.000171 seconds.
  path: Assets/prefabs/left.prefab
  artifactKey: Guid(12a8f33e4413d9042934dbf431157fcb) Importer(815301076,1909f56bfc062723c751e8b465ee728b)
Start importing Assets/prefabs/left.prefab using Guid(12a8f33e4413d9042934dbf431157fcb) Importer(815301076,1909f56bfc062723c751e8b465ee728b)  -> (artifact id: 'd27e045557657ab4255d5b0482d6de89') in 0.011277 seconds 
========================================================================
Received Import Request.
  Time since last request: 0.000215 seconds.
  path: Assets/prefabs/TeleportAnchorPlatform.prefab
  artifactKey: Guid(00e647f639ff7274bbb3c63576ed8285) Importer(815301076,1909f56bfc062723c751e8b465ee728b)
Start importing Assets/prefabs/TeleportAnchorPlatform.prefab using Guid(00e647f639ff7274bbb3c63576ed8285) Importer(815301076,1909f56bfc062723c751e8b465ee728b)  -> (artifact id: '796ab9066aec292d4022316ecb9378ca') in 0.032407 seconds 
========================================================================
Received Import Request.
  Time since last request: 0.000130 seconds.
  path: Assets/prefabs/Props.prefab
  artifactKey: Guid(59864c1847f476e49bf6588bd10cd0d3) Importer(815301076,1909f56bfc062723c751e8b465ee728b)
Start importing Assets/prefabs/Props.prefab using Guid(59864c1847f476e49bf6588bd10cd0d3) Importer(815301076,1909f56bfc062723c751e8b465ee728b)  -> (artifact id: '60b10bafec415862d4a8da7301fc7232') in 1.522909 seconds 
========================================================================
Received Import Request.
  Time since last request: 0.000167 seconds.
  path: Assets/prefabs/VelocityTrackedCube.prefab
  artifactKey: Guid(ed79eaa9dbed71a46b42588537c577a7) Importer(815301076,1909f56bfc062723c751e8b465ee728b)
Start importing Assets/prefabs/VelocityTrackedCube.prefab using Guid(ed79eaa9dbed71a46b42588537c577a7) Importer(815301076,1909f56bfc062723c751e8b465ee728b)  -> (artifact id: '122e5e5243e2863234bc8e31b9d6c84f') in 0.028570 seconds 
========================================================================
Received Import Request.
  Time since last request: 0.000116 seconds.
  path: Assets/prefabs/ComplexGrabCube.prefab
  artifactKey: Guid(44e5222a12267ff4b9aa4dc996f61757) Importer(815301076,1909f56bfc062723c751e8b465ee728b)
Start importing Assets/prefabs/ComplexGrabCube.prefab using Guid(44e5222a12267ff4b9aa4dc996f61757) Importer(815301076,1909f56bfc062723c751e8b465ee728b)  -> (artifact id: '1bf3e5c9b1f7ef789ba9da486bad2b26') in 0.011060 seconds 
========================================================================
Received Import Request.
  Time since last request: 0.000153 seconds.
  path: Assets/prefabs/controller.prefab
  artifactKey: Guid(902b196ba17fa284bae10bdc5878a72d) Importer(815301076,1909f56bfc062723c751e8b465ee728b)
Start importing Assets/prefabs/controller.prefab using Guid(902b196ba17fa284bae10bdc5878a72d) Importer(815301076,1909f56bfc062723c751e8b465ee728b)  -> (artifact id: 'f6bbb82438d69ffe5a9bd0577e0f0356') in 0.013135 seconds 
========================================================================
Received Import Request.
  Time since last request: 0.000140 seconds.
  path: Assets/prefabs/InstantCube.prefab
  artifactKey: Guid(c91b6479bcc5dc94f8290551ae3e6d76) Importer(815301076,1909f56bfc062723c751e8b465ee728b)
Start importing Assets/prefabs/InstantCube.prefab using Guid(c91b6479bcc5dc94f8290551ae3e6d76) Importer(815301076,1909f56bfc062723c751e8b465ee728b)  -> (artifact id: '62507b48cc86d8be88830df33cce883f') in 0.011585 seconds 
========================================================================
Received Import Request.
  Time since last request: 0.000197 seconds.
  path: Assets/prefabs/BubbleParticlePrefab.prefab
  artifactKey: Guid(c9b38f9d356cfa945bd7d61fcb8070c9) Importer(815301076,1909f56bfc062723c751e8b465ee728b)
Start importing Assets/prefabs/BubbleParticlePrefab.prefab using Guid(c9b38f9d356cfa945bd7d61fcb8070c9) Importer(815301076,1909f56bfc062723c751e8b465ee728b)  -> (artifact id: 'f564a2185ff92f0cccebb3ac77b20e9b') in 0.014409 seconds 
========================================================================
Received Import Request.
  Time since last request: 0.000184 seconds.
  path: Assets/prefabs/Reticle.prefab
  artifactKey: Guid(cf1f31f1532c9d44b897c0016c677bc0) Importer(815301076,1909f56bfc062723c751e8b465ee728b)
Start importing Assets/prefabs/Reticle.prefab using Guid(cf1f31f1532c9d44b897c0016c677bc0) Importer(815301076,1909f56bfc062723c751e8b465ee728b)  -> (artifact id: 'db9aa581f6391a5958020f69cadea22b') in 0.086508 seconds 
========================================================================
Received Import Request.
  Time since last request: 0.000149 seconds.
  path: Assets/prefabs/TeleportAnchor.prefab
  artifactKey: Guid(69bcbe8a3c723a8459bad61946074109) Importer(815301076,1909f56bfc062723c751e8b465ee728b)
Start importing Assets/prefabs/TeleportAnchor.prefab using Guid(69bcbe8a3c723a8459bad61946074109) Importer(815301076,1909f56bfc062723c751e8b465ee728b)  -> (artifact id: '521e3d8407190fdc4a2bbce590ed39d6') in 0.012275 seconds 
========================================================================
Received Import Request.
  Time since last request: 0.000162 seconds.
  path: Assets/prefabs/Workshop Set.prefab
  artifactKey: Guid(e1125bca3b2aa7a408742becbba93897) Importer(815301076,1909f56bfc062723c751e8b465ee728b)
Start importing Assets/prefabs/Workshop Set.prefab using Guid(e1125bca3b2aa7a408742becbba93897) Importer(815301076,1909f56bfc062723c751e8b465ee728b)  -> (artifact id: '81575d179f65a0f392818978f0d301bf') in 0.020052 seconds 
========================================================================
Received Import Request.
  Time since last request: 0.000161 seconds.
  path: Assets/prefabs/XROriginDemo.prefab
  artifactKey: Guid(ecdbf3dc6204e7a46943712ecfb94c12) Importer(815301076,1909f56bfc062723c751e8b465ee728b)
Start importing Assets/prefabs/XROriginDemo.prefab using Guid(ecdbf3dc6204e7a46943712ecfb94c12) Importer(815301076,1909f56bfc062723c751e8b465ee728b)  -> (artifact id: '2d5ede9a77eb939a4bb160a43390bdee') in 0.069633 seconds 
========================================================================
Received Import Request.
  Time since last request: 0.000176 seconds.
  path: Assets/prefabs/teleportReticle.prefab
  artifactKey: Guid(c9ea54082e6151843acb776fb52ed6f7) Importer(815301076,1909f56bfc062723c751e8b465ee728b)
Start importing Assets/prefabs/teleportReticle.prefab using Guid(c9ea54082e6151843acb776fb52ed6f7) Importer(815301076,1909f56bfc062723c751e8b465ee728b)  -> (artifact id: 'b3093818647af9552a59e1cb0bc83ee2') in 0.011149 seconds 
========================================================================
Received Import Request.
  Time since last request: 0.000187 seconds.
  path: Assets/prefabs/LlamaBubbleGunPrefab.prefab
  artifactKey: Guid(cca5e4e0da45560479c022557d04fa1d) Importer(815301076,1909f56bfc062723c751e8b465ee728b)
Start importing Assets/prefabs/LlamaBubbleGunPrefab.prefab using Guid(cca5e4e0da45560479c022557d04fa1d) Importer(815301076,1909f56bfc062723c751e8b465ee728b)  -> (artifact id: '738f33ff93a8d90cb9a51a994dc4075b') in 0.040626 seconds 
========================================================================
Received Import Request.
  Time since last request: 0.000152 seconds.
  path: Assets/prefabs/KinematicCube.prefab
  artifactKey: Guid(10297a1bb8a48324da4743a14b7528ef) Importer(815301076,1909f56bfc062723c751e8b465ee728b)
Start importing Assets/prefabs/KinematicCube.prefab using Guid(10297a1bb8a48324da4743a14b7528ef) Importer(815301076,1909f56bfc062723c751e8b465ee728b)  -> (artifact id: '0bcfb38e8bef95aff39561e53614b7a3') in 0.011110 seconds 
========================================================================
Received Import Request.
  Time since last request: 0.000292 seconds.
  path: Assets/prefabs/DeprecatedXROriginDemo.prefab
  artifactKey: Guid(3473a9ca2b6bef2458a4f52e10903b7d) Importer(815301076,1909f56bfc062723c751e8b465ee728b)
Start importing Assets/prefabs/DeprecatedXROriginDemo.prefab using Guid(3473a9ca2b6bef2458a4f52e10903b7d) Importer(815301076,1909f56bfc062723c751e8b465ee728b)  -> (artifact id: 'd75c217679e295a99aa7070c06faa316') in 0.017194 seconds 
========================================================================
Received Import Request.
  Time since last request: 0.000178 seconds.
  path: Assets/prefabs/floatingAnchor.prefab
  artifactKey: Guid(44d6adfd02db4ea4588bd6a602816af5) Importer(815301076,1909f56bfc062723c751e8b465ee728b)
Start importing Assets/prefabs/floatingAnchor.prefab using Guid(44d6adfd02db4ea4588bd6a602816af5) Importer(815301076,1909f56bfc062723c751e8b465ee728b)  -> (artifact id: '951c67086a382eea23d424bd4378ff70') in 0.037676 seconds 
========================================================================
Received Import Request.
  Time since last request: 0.000185 seconds.
  path: Assets/prefabs/right.prefab
  artifactKey: Guid(f70be7061b0fe3941b12522eeafe6135) Importer(815301076,1909f56bfc062723c751e8b465ee728b)
Start importing Assets/prefabs/right.prefab using Guid(f70be7061b0fe3941b12522eeafe6135) Importer(815301076,1909f56bfc062723c751e8b465ee728b)  -> (artifact id: '1c062b7743735bbc9fb13b1b062d862d') in 0.011869 seconds 
========================================================================
Received Import Request.
  Time since last request: 0.000158 seconds.
  path: Assets/prefabs/Locomotion System.prefab
  artifactKey: Guid(ad3bfdd436f250242a97f049ab6026b1) Importer(815301076,1909f56bfc062723c751e8b465ee728b)
Start importing Assets/prefabs/Locomotion System.prefab using Guid(ad3bfdd436f250242a97f049ab6026b1) Importer(815301076,1909f56bfc062723c751e8b465ee728b)  -> (artifact id: '9c799fa2f0cf9b97476ca7be1ddb4d5d') in 0.008156 seconds 
========================================================================
Received Import Request.
  Time since last request: 12.191691 seconds.
  path: Assets/Textures/GridBox_NewTex_Albedo.tga
  artifactKey: Guid(584f4d865487d47408ae0bceabb59d68) Importer(815301076,1909f56bfc062723c751e8b465ee728b)
Start importing Assets/Textures/GridBox_NewTex_Albedo.tga using Guid(584f4d865487d47408ae0bceabb59d68) Importer(815301076,1909f56bfc062723c751e8b465ee728b)  -> (artifact id: '4f5fddb7aafba5086eeb281b393c7fb3') in 0.016950 seconds 
========================================================================
Received Import Request.
  Time since last request: 0.000148 seconds.
  path: Assets/Textures/TemplateEnvironmentSwatch.png
  artifactKey: Guid(49268f86299f2794bb83e23b89a68b5e) Importer(815301076,1909f56bfc062723c751e8b465ee728b)
Start importing Assets/Textures/TemplateEnvironmentSwatch.png using Guid(49268f86299f2794bb83e23b89a68b5e) Importer(815301076,1909f56bfc062723c751e8b465ee728b)  -> (artifact id: '5b269fce835b1838be9f73abc7fe55c6') in 0.016645 seconds 
========================================================================
Received Import Request.
  Time since last request: 0.806895 seconds.
  path: Assets/XR/XRGeneralSettings.asset
  artifactKey: Guid(12fb2884f45e57a48a232b374653f4dd) Importer(815301076,1909f56bfc062723c751e8b465ee728b)
Start importing Assets/XR/XRGeneralSettings.asset using Guid(12fb2884f45e57a48a232b374653f4dd) Importer(815301076,1909f56bfc062723c751e8b465ee728b)  -> (artifact id: '6a938b2b3424b51c08fda75e3a467122') in 0.011072 seconds 
========================================================================
Received Import Request.
  Time since last request: 269.368003 seconds.
  path: Assets/Presets/AudioCompressedInMemory.preset
  artifactKey: Guid(2dd802e4d37c65149922028d3e973832) Importer(815301076,1909f56bfc062723c751e8b465ee728b)
Start importing Assets/Presets/AudioCompressedInMemory.preset using Guid(2dd802e4d37c65149922028d3e973832) Importer(815301076,1909f56bfc062723c751e8b465ee728b)  -> (artifact id: 'e0723696916c66a58e681e5e236fcf13') in 0.006111 seconds 
========================================================================
Received Import Request.
  Time since last request: 0.000136 seconds.
  path: Assets/Presets/AudioStreaming.preset
  artifactKey: Guid(86bcce7f5575b54408aa0f3a7d321039) Importer(815301076,1909f56bfc062723c751e8b465ee728b)
Start importing Assets/Presets/AudioStreaming.preset using Guid(86bcce7f5575b54408aa0f3a7d321039) Importer(815301076,1909f56bfc062723c751e8b465ee728b)  -> (artifact id: '93dd6c865be2fbd542cde55610db99d4') in 0.005455 seconds 
========================================================================
Received Import Request.
  Time since last request: 0.000143 seconds.
  path: Assets/Presets/NormalTexture.preset
  artifactKey: Guid(14a57cf3b9fa1c74b884aa7e0dcf1faa) Importer(815301076,1909f56bfc062723c751e8b465ee728b)
Start importing Assets/Presets/NormalTexture.preset using Guid(14a57cf3b9fa1c74b884aa7e0dcf1faa) Importer(815301076,1909f56bfc062723c751e8b465ee728b)  -> (artifact id: '59fce0876b67d620ca36895bd6321a64') in 0.008969 seconds 
========================================================================
Received Import Request.
  Time since last request: 0.000175 seconds.
  path: Assets/Presets/UtilityTexture.preset
  artifactKey: Guid(45f7b2e3c78185248b3adbb14429c2ab) Importer(815301076,1909f56bfc062723c751e8b465ee728b)
Start importing Assets/Presets/UtilityTexture.preset using Guid(45f7b2e3c78185248b3adbb14429c2ab) Importer(815301076,1909f56bfc062723c751e8b465ee728b)  -> (artifact id: '4483ed6529fb17125dc869fe8dff7e0e') in 0.006699 seconds 
AssetImportWorkerClient::OnTransportError - code=2 error=End of file
